<?xml version="1.0" encoding="UTF-8"?>
<testng-results ignored="0" total="1" passed="1" failed="0" skipped="0">
  <reporter-output>
  </reporter-output>
  <suite started-at="2024-04-16T10:36:59 IST" name="Default suite" finished-at="2024-04-16T10:37:17 IST" duration-ms="18392">
    <groups>
    </groups>
    <test started-at="2024-04-16T10:36:59 IST" name="Default test" finished-at="2024-04-16T10:37:17 IST" duration-ms="18392">
      <class name="testcases.Tc_001_Train_Search">
        <test-method is-config="true" signature="setUp()[pri:0, instance:testcases.Tc_001_Train_Search@1ed4ae0f]" started-at="2024-04-16T10:36:59 IST" name="setUp" finished-at="2024-04-16T10:37:01 IST" duration-ms="2264" status="PASS">
          <reporter-output>
          </reporter-output>
        </test-method> <!-- setUp -->
        <test-method signature="verify_Train_Search()[pri:0, instance:testcases.Tc_001_Train_Search@1ed4ae0f]" started-at="2024-04-16T10:37:01 IST" name="verify_Train_Search" finished-at="2024-04-16T10:37:07 IST" duration-ms="6021" status="PASS">
          <reporter-output>
          </reporter-output>
        </test-method> <!-- verify_Train_Search -->
        <test-method is-config="true" signature="tearDown()[pri:0, instance:testcases.Tc_001_Train_Search@1ed4ae0f]" started-at="2024-04-16T10:37:07 IST" name="tearDown" finished-at="2024-04-16T10:37:17 IST" duration-ms="10095" status="PASS">
          <reporter-output>
          </reporter-output>
        </test-method> <!-- tearDown -->
      </class> <!-- testcases.Tc_001_Train_Search -->
    </test> <!-- Default test -->
  </suite> <!-- Default suite -->
</testng-results>
